<?xml version="1.0" encoding="UTF-8"?>
<!-- Generated by org.testng.reporters.JUnitReportReporter -->
<testsuite skipped="0" hostname="DESKTOP-UBQJ9QQ" name="com.actitime.test.CreateCustomer" tests="1" failures="0" timestamp="12 Apr 2020 10:35:33 GMT" time="29.140" errors="0">
  <testcase name="testCreateCustomer" time="29.140" classname="com.actitime.test.CreateCustomer"/>
</testsuite> <!-- com.actitime.test.CreateCustomer -->
